HorizonInteriorDesigner/app/build/intermediates/manifest_merge_blame_file/debug/manifest-merger-blame-debug-report.txt
1<?xml version="1.0" encoding="utf-8"?>
2<manifest xmlns:android="http://schemas.android.com/apk/res/android"
3    package="com.example.horizoninteriordesigner"
4    android:versionCode="1"
5    android:versionName="1.0" >
6
7    <uses-sdk
8        android:minSdkVersion="24"
8-->src\main\AndroidManifest.xml
9        android:targetSdkVersion="30" />
9-->src\main\AndroidManifest.xml
10
11    <!-- Get permission to use camera -->
12    <uses-permission android:name="android.permission.CAMERA" /> <!-- Limit app visibility in Google Play Store to only ARCore supported devices -->
12-->src\main\AndroidManifest.xml:6:5-65
12-->src\main\AndroidManifest.xml:6:22-62
13    <uses-feature
13-->src\main\AndroidManifest.xml:7:5-87
14        android:name="android.hardware.camera.ar"
14-->src\main\AndroidManifest.xml:7:19-60
15        android:required="true" />
15-->src\main\AndroidManifest.xml:7:61-84
16    <uses-feature
16-->[:viro_core] AndroidManifest.xml:11:5-13:35
17        android:glEsVersion="0x00030000"
17-->[:viro_core] AndroidManifest.xml:12:9-41
18        android:required="true" /> <!-- Required for vibration feedback when the trigger action is performed. -->
18-->[:viro_core] AndroidManifest.xml:13:9-32
19    <uses-permission android:name="android.permission.VIBRATE" /> <!-- Required to read the paired viewer's distortion parameters. -->
19-->[:viro_core] AndroidManifest.xml:16:5-66
19-->[:viro_core] AndroidManifest.xml:16:22-63
20    <uses-permission android:name="android.permission.READ_EXTERNAL_STORAGE" /> <!-- Required for Recording -->
20-->[:viro_core] AndroidManifest.xml:18:5-80
20-->[:viro_core] AndroidManifest.xml:18:22-77
21    <uses-permission android:name="android.permission.RECORD_AUDIO" /> <!-- Required to detect viewer insertion. -->
21-->[:viro_core] AndroidManifest.xml:20:5-71
21-->[:viro_core] AndroidManifest.xml:20:22-68
22    <uses-permission android:name="android.permission.NFC" /> <!-- Required to load remote content -->
22-->[:viro_core] AndroidManifest.xml:23:5-62
22-->[:viro_core] AndroidManifest.xml:23:22-59
23    <uses-permission android:name="android.permission.INTERNET" /> <!-- Make accelerometer and gyroscope hard requirements for good head tracking. -->
23-->[:viro_core] AndroidManifest.xml:25:5-67
23-->[:viro_core] AndroidManifest.xml:25:22-64
24    <uses-feature
24-->[:viro_core] AndroidManifest.xml:28:5-30:35
25        android:name="android.hardware.sensor.accelerometer"
25-->[:viro_core] AndroidManifest.xml:29:9-61
26        android:required="true" />
26-->[:viro_core] AndroidManifest.xml:30:9-32
27    <uses-feature
27-->[:viro_core] AndroidManifest.xml:31:5-33:35
28        android:name="android.hardware.sensor.gyroscope"
28-->[:viro_core] AndroidManifest.xml:32:9-57
29        android:required="true" /> <!-- Indicates use of Android's VR-mode, available only on Android N+. -->
29-->[:viro_core] AndroidManifest.xml:33:9-32
30    <uses-feature
30-->[:viro_core] AndroidManifest.xml:36:5-38:36
31        android:name="android.software.vr.mode"
31-->[:viro_core] AndroidManifest.xml:37:9-48
32        android:required="false" /> <!-- Indicates use of VR features that are available only on Daydream-ready devices. -->
32-->[:viro_core] AndroidManifest.xml:38:9-33
33    <uses-feature
33-->[:viro_core] AndroidManifest.xml:40:5-42:36
34        android:name="android.hardware.vr.high_performance"
34-->[:viro_core] AndroidManifest.xml:41:9-60
35        android:required="false" />
35-->[:viro_core] AndroidManifest.xml:42:9-33
36
37    <application
37-->src\main\AndroidManifest.xml:9:5-36:19
38        android:allowBackup="true"
38-->src\main\AndroidManifest.xml:10:9-35
39        android:appComponentFactory="androidx.core.app.CoreComponentFactory"
39-->[androidx.core:core:1.3.0] AndroidManifest.xml:24:18-86
40        android:debuggable="true"
41        android:extractNativeLibs="false"
42        android:label="@string/app_name"
42-->src\main\AndroidManifest.xml:11:9-41
43        android:testOnly="true"
44        android:theme="@style/Theme.HorizonInteriorDesigner" >
44-->src\main\AndroidManifest.xml:12:9-61
45
46        <!-- android:icon="@mipmap/ic_launcher" -->
47
48        <meta-data
48-->src\main\AndroidManifest.xml:15:9-17:49
49            android:name="com.viromedia.API_KEY"
49-->src\main\AndroidManifest.xml:16:13-49
50            android:value="YOUR_API_KEY_HERE" />
50-->src\main\AndroidManifest.xml:17:13-46
51
52        <activity
52-->src\main\AndroidManifest.xml:19:9-26:20
53            android:name="com.example.horizoninteriordesigner.main.ItemARActivity"
53-->src\main\AndroidManifest.xml:20:13-83
54            android:configChanges="orientation|screenSize" >
54-->src\main\AndroidManifest.xml:21:13-59
55            <intent-filter>
55-->src\main\AndroidManifest.xml:22:13-25:29
56                <action android:name="android.intent.action.MAIN" />
56-->src\main\AndroidManifest.xml:23:17-69
56-->src\main\AndroidManifest.xml:23:25-66
57
58                <category android:name="android.intent.category.LAUNCHER" />
58-->src\main\AndroidManifest.xml:24:17-77
58-->src\main\AndroidManifest.xml:24:27-74
59            </intent-filter>
60        </activity>
61
62        <!--
63            "Google Play Services for AR" (ARCore) is to be installed,
64                as the app does not include any non-AR features.
65        -->
66        <meta-data
66-->src\main\AndroidManifest.xml:32:9-34:40
67            android:name="com.google.ar.core"
67-->src\main\AndroidManifest.xml:33:13-46
68            android:value="required" />
68-->src\main\AndroidManifest.xml:34:13-37
69
70        <!-- The minimal version code of ARCore APK required for an app using this SDK. -->
71        <meta-data
71-->[:arcore_client] AndroidManifest.xml:33:9-35:41
72            android:name="com.google.ar.core.min_apk_version"
72-->[:arcore_client] AndroidManifest.xml:34:13-62
73            android:value="190519000" /> <!-- This activity is critical for installing ARCore when it is not already present. -->
73-->[:arcore_client] AndroidManifest.xml:35:13-38
74        <activity
74-->[:arcore_client] AndroidManifest.xml:37:9-43:80
75            android:name="com.google.ar.core.InstallActivity"
75-->[:arcore_client] AndroidManifest.xml:38:13-62
76            android:configChanges="keyboardHidden|orientation|screenSize"
76-->[:arcore_client] AndroidManifest.xml:39:13-74
77            android:excludeFromRecents="true"
77-->[:arcore_client] AndroidManifest.xml:40:13-46
78            android:exported="false"
78-->[:arcore_client] AndroidManifest.xml:41:13-37
79            android:launchMode="singleTop"
79-->[:arcore_client] AndroidManifest.xml:42:13-43
80            android:theme="@android:style/Theme.Material.Light.Dialog.Alert" />
80-->[:arcore_client] AndroidManifest.xml:43:13-77
81    </application>
82
83</manifest>